\BOOKMARK [0][-]{chapter.1}{\376\377\000\332\000v\000o\000d}{}% 1
\BOOKMARK [1][-]{section.1.1}{\376\377\000A\000p\000l\000i\000k\000a\000c\000e\000\040\000D\000D\000A}{chapter.1}% 2
\BOOKMARK [2][-]{subsection.1.1.1}{\376\377\000Z\000\341\000b\000a\000v\000n\000\355\000\040\000p\000r\001\157\000m\000y\000s\000l}{section.1.1}% 3
\BOOKMARK [3][-]{section*.10}{\376\377\000L\000e\000f\000t\000\040\0004\000\040\000D\000e\000a\000d}{subsection.1.1.1}% 4
\BOOKMARK [3][-]{section*.11}{\376\377\000M\000a\000x\000\040\000P\000a\000y\000n\000e\000\040\0003}{subsection.1.1.1}% 5
\BOOKMARK [3][-]{section*.12}{\376\377\000T\000h\000e\000\040\000E\000l\000d\000e\000r\000\040\000S\000c\000r\000o\000l\000l\000s\000\040\000I\000V\000:\000\040\000O\000b\000l\000i\000v\000i\000o\000n}{subsection.1.1.1}% 6
\BOOKMARK [3][-]{section*.13}{\376\377\000M\000a\000r\000i\000o\000\040\000K\000a\000r\000t\000\040\000W\000i\000i}{subsection.1.1.1}% 7
\BOOKMARK [3][-]{section*.14}{\376\377\000P\000r\000o\000\040\000E\000v\000o\000l\000u\000t\000i\000o\000n\000\040\000S\000o\000c\000c\000e\000r\000\040\0002\0000\0000\0008}{subsection.1.1.1}% 8
\BOOKMARK [2][-]{subsection.1.1.2}{\376\377\000C\000v\000i\001\015\000e\000n\000\355}{section.1.1}% 9
\BOOKMARK [3][-]{section*.15}{\376\377\000P\000o\000d\000p\000o\000r\000a\000\040\000p\000o\000h\000y\000b\000u\000\040\000s\000t\000a\000r\001\141\000\355\000c\000h\000\040\000l\000i\000d\000\355}{subsection.1.1.2}% 10
\BOOKMARK [3][-]{section*.16}{\376\377\000J\000o\000g\000g\000i\000n\000g\000\040\000n\000a\000\040\000d\000\341\000l\000k\000u}{subsection.1.1.2}% 11
\BOOKMARK [2][-]{subsection.1.1.3}{\376\377\000Z\000d\000r\000a\000v\000o\000t\000n\000i\000c\000t\000v\000\355}{section.1.1}% 12
\BOOKMARK [3][-]{section*.17}{\376\377\000R\000e\000h\000a\000b\000i\000l\000i\000t\000a\000c\000e\000\040\000p\000o\000\040\000u\000t\000r\000p\001\033\000n\000\355\000\040\000m\000o\000z\000k\000o\000v\000\351\000\040\000m\000r\000t\000v\000i\000c\000e}{subsection.1.1.3}% 13
\BOOKMARK [3][-]{section*.18}{\376\377\000P\000o\000m\000o\000c\000\040\000l\000i\000d\000e\000m\000\040\000t\000r\000p\000\355\000c\000\355\000m\000\040\000d\000e\000m\000e\000n\000c\000\355}{subsection.1.1.3}% 14
\BOOKMARK [2][-]{subsection.1.1.4}{\376\377\000V\000\375\000u\000k\000o\000v\000\351\000\040\000p\000r\000o\000g\000r\000a\000m\000y}{section.1.1}% 15
\BOOKMARK [3][-]{section*.19}{\376\377\000V\000\375\000u\000k\000a\000\040\000h\000r\000y\000\040\000n\000a\000\040\000e\000l\000e\000k\000t\000r\000i\000c\000k\000o\000u\000\040\000k\000y\000t\000a\000r\000u}{subsection.1.1.4}% 16
\BOOKMARK [3][-]{section*.20}{\376\377\000R\000o\000z\001\141\000i\001\131\000o\000v\000\341\000n\000\355\000\040\000s\000l\000o\000v\000n\000\355\000\040\000z\000\341\000s\000o\000b\000y}{subsection.1.1.4}% 17
\BOOKMARK [1][-]{section.1.2}{\376\377\000T\000a\000x\000o\000n\000o\000m\000i\000e}{chapter.1}% 18
\BOOKMARK [2][-]{subsection.1.2.1}{\376\377\000E\000x\000p\000l\000i\000c\000i\000t\000n\000\355\000\040\000a\000\040\000i\000m\000p\000l\000i\000c\000i\000t\000n\000\355}{section.1.2}% 19
\BOOKMARK [2][-]{subsection.1.2.2}{\376\377\000D\000y\000n\000a\000m\000i\000c\000k\000\341\000\040\000a\000\040\000s\000t\000a\000t\000i\000c\000k\000\341}{section.1.2}% 20
\BOOKMARK [1][-]{section.1.3}{\376\377\000C\000\355\000l\000\040\000d\000i\000p\000l\000o\000m\000o\000v\000\351\000\040\000p\000r\000\341\000c\000e}{chapter.1}% 21
\BOOKMARK [0][-]{chapter.2}{\376\377\000D\000e\000f\000i\000n\000i\000c\000e\000\040\000z\000\341\000b\000a\000v\000n\000o\000s\000t\000i}{}% 22
\BOOKMARK [1][-]{section.2.1}{\376\377\000F\000l\000o\000w}{chapter.2}% 23
\BOOKMARK [1][-]{section.2.2}{\376\377\000M\000e\000t\000r\000i\000k\000y}{chapter.2}% 24
\BOOKMARK [0][-]{chapter.3}{\376\377\000E\000x\000i\000s\000t\000u\000j\000\355\000c\000\355\000\040\000p\001\131\000\355\000s\000t\000u\000p\000y}{}% 25
\BOOKMARK [1][-]{section.3.1}{\376\377\001\014\000\341\000s\000t\000e\001\015\000n\001\033\000\040\000p\000o\000z\000o\000r\000o\000v\000a\000t\000e\000l\000n\000\351\000\040\000m\000a\000r\000k\000o\000v\000s\000k\000\351\000\040\000r\000o\000z\000h\000o\000d\000o\000v\000a\000c\000\355\000\040\000p\000r\000o\000c\000e\000s\000y}{chapter.3}% 26
\BOOKMARK [2][-]{section*.21}{\376\377\000I\000n\000f\000l\000u\000e\000n\000c\000e\000\040\000d\000i\000a\000g\000r\000a\000m\000y}{section.3.1}% 27
\BOOKMARK [3][-]{section*.22}{\376\377\000P\001\131\000\355\000k\000l\000a\000d\000\040\000p\000o\000p\000i\000s\000u\000\040\000s\000t\000a\000v\000u\000\040\000h\000r\000y}{section*.21}% 28
\BOOKMARK [1][-]{section.3.2}{\376\377\000M\000o\000n\000t\000e\000-\000C\000a\000r\000l\000o\000\040\000p\000r\000o\000h\000l\000e\000d\000\341\000v\000\341\000n\000\355\000\040\000s\000t\000r\000o\000m\000u}{chapter.3}% 29
\BOOKMARK [2][-]{section*.23}{\376\377\000P\000r\000a\000v\000i\000d\000l\000a\000\040\000h\000r\000y\000\040\000P\000a\000c\000-\000M\000a\000n}{section.3.2}% 30
\BOOKMARK [3][-]{section*.24}{\376\377\000T\000v\000o\000r\000b\000a\000\040\000D\000D\000A\000\040\000p\000o\000m\000o\000c\000\355\000\040\000M\000C\000T\000S}{section*.23}% 31
\BOOKMARK [3][-]{section*.25}{\376\377\000V\000y\000u\001\176\000i\000t\000\355\000\040\000n\000e\000u\000r\000o\000n\000o\000v\000\375\000c\000h\000\040\000s\000\355\000t\000\355}{section*.23}% 32
\BOOKMARK [1][-]{section.3.3}{\376\377\000P\000r\000o\000d\000u\000c\000e\000n\000t\000\040\040\023\000\040\000k\000o\000n\000z\000u\000m\000e\000n\000t}{chapter.3}% 33
\BOOKMARK [2][-]{section*.26}{\376\377\000P\000o\000u\001\176\000i\000t\000\341\000\040\000m\000e\000t\000r\000i\000k\000a}{section.3.3}% 34
\BOOKMARK [3][-]{section*.27}{\376\377\000V\000y\000v\000a\001\176\000u\000j\000\355\000c\000\355\000\040\000s\000t\000r\000a\000t\000e\000g\000i\000e}{section*.26}% 35
\BOOKMARK [0][-]{section*.27}{\376\377\000L\000i\000t\000e\000r\000a\000t\000u\000r\000a}{}% 36
